<?xml version="1.0" encoding="UTF-8"?>
<!-- Generated by org.testng.reporters.JUnitXMLReporter -->
<testsuite hostname="DESKTOP-FGS4TB6" ignored="8" name="Test" tests="5" failures="1" timestamp="17 Sep 2021 09:07:35 GMT" time="211.891" errors="0">
  <testcase name="createContactWithLastName" time="31.251" classname="com.crm.Assignments.TC_02_CreateContactwithLastNameTest"/>
  <testcase name="CreateContactImportTest" time="33.245" classname="com.crm.Assignments.TC_05_CreateContactImportTest"/>
  <testcase name="createContactWithoutLastName" time="0.22" classname="com.crm.Assignments.TC_01_CreateContactWithoutLastNameTest">
    <failure type="java.lang.NullPointerException">
      <![CDATA[java.lang.NullPointerException
at com.crm.autodesk.GenericUtils.ExcelFileUtility.getExcelData(ExcelFileUtility.java:31)
at com.crm.Assignments.TC_01_CreateContactWithoutLastNameTest.createContactWithoutLastName(TC_01_CreateContactWithoutLastNameTest.java:33)
... Removed 25 stack frames]]>
    </failure>
  </testcase> <!-- createContactWithoutLastName -->
  <testcase name="CreateContactwithChooseFile" time="30.198" classname="com.crm.Assignments.TC_03_CreateContactwithChooseFile"/>
  <testcase name="CreateContactClickonReportTest" time="33.324" classname="com.crm.Assignments.TC_04_CreateContactClickonReportTest"/>
  <testcase name="@AfterSuite closeDB" time="0.0" classname="com.crm.autodesk.GenericUtils.BaseClass">
    <ignored/>
  </testcase> <!-- @AfterSuite closeDB -->
  <testcase name="@AfterSuite closeDB" time="0.0" classname="com.crm.autodesk.GenericUtils.BaseClass">
    <ignored/>
  </testcase> <!-- @AfterSuite closeDB -->
  <testcase name="@AfterSuite closeDB" time="0.0" classname="com.crm.autodesk.GenericUtils.BaseClass">
    <ignored/>
  </testcase> <!-- @AfterSuite closeDB -->
  <testcase name="@AfterSuite closeDB" time="0.0" classname="com.crm.autodesk.GenericUtils.BaseClass">
    <ignored/>
  </testcase> <!-- @AfterSuite closeDB -->
  <testcase name="@BeforeSuite ConnectDB" time="0.0" classname="com.crm.autodesk.GenericUtils.BaseClass">
    <ignored/>
  </testcase> <!-- @BeforeSuite ConnectDB -->
  <testcase name="@BeforeSuite ConnectDB" time="0.0" classname="com.crm.autodesk.GenericUtils.BaseClass">
    <ignored/>
  </testcase> <!-- @BeforeSuite ConnectDB -->
  <testcase name="@BeforeSuite ConnectDB" time="0.0" classname="com.crm.autodesk.GenericUtils.BaseClass">
    <ignored/>
  </testcase> <!-- @BeforeSuite ConnectDB -->
  <testcase name="@BeforeSuite ConnectDB" time="0.0" classname="com.crm.autodesk.GenericUtils.BaseClass">
    <ignored/>
  </testcase> <!-- @BeforeSuite ConnectDB -->
</testsuite> <!-- Test -->
